SF:lib\main.dart
DA:10,0
DA:11,0
DA:15,2
DA:17,1
DA:19,1
DA:20,1
DA:21,1
DA:22,1
DA:28,1
DA:29,2
DA:30,2
DA:31,4
DA:32,2
LF:13
LH:11
end_of_record
SF:lib\routes\get_routes.dart
DA:9,3
DA:10,1
DA:11,1
DA:12,1
DA:13,1
LF:5
LH:5
end_of_record
SF:lib\screens\registration\registration.dart
DA:6,2
DA:8,1
LF:2
LH:2
end_of_record
SF:lib\screens\add_task\add_task.dart
DA:6,1
DA:9,0
LF:2
LH:1
end_of_record
SF:lib\screens\home\home.dart
DA:6,1
DA:9,0
LF:2
LH:1
end_of_record
SF:lib\screens\sign_in\sign_in.dart
DA:6,1
DA:10,0
LF:2
LH:1
end_of_record
